<?xml version="1.0" encoding="UTF-8"?>
<!-- Generated by org.testng.reporters.JUnitReportReporter -->
<testsuite hostname="DESKTOP-OJKIDG6" failures="0" tests="3" name="testngsession.HomePageTest" time="0.013" errors="0" timestamp="25 Aug 2024 03:42:43 GMT" skipped="0">
  <testcase classname="testngsession.HomePageTest" name="homePageSearchTest" time="0.008"/>
  <testcase classname="testngsession.HomePageTest" name="homePageURLTest" time="0.002"/>
  <testcase classname="testngsession.HomePageTest" name="homePageTitleTest" time="0.003"/>
</testsuite> <!-- testngsession.HomePageTest -->
