<?xml version="1.0" encoding="UTF-8"?>
<!-- Generated by org.testng.reporters.JUnitReportReporter -->
<testsuite hostname="DESKTOP-OJKIDG6" failures="0" tests="5" name="testngsession.PriorityTest" time="0.022" errors="0" timestamp="05 Oct 2024 11:00:24 GMT" skipped="0">
  <testcase classname="testngsession.PriorityTest" name="D" time="0.011"/>
  <testcase classname="testngsession.PriorityTest" name="C" time="0.002"/>
  <testcase classname="testngsession.PriorityTest" name="B" time="0.003"/>
  <testcase classname="testngsession.PriorityTest" name="A" time="0.002"/>
  <testcase classname="testngsession.PriorityTest" name="E" time="0.004"/>
</testsuite> <!-- testngsession.PriorityTest -->
