<?xml version="1.0" encoding="UTF-8"?>
<!-- Generated by org.testng.reporters.JUnitReportReporter -->
<testsuite hostname="DESKTOP-OJKIDG6" failures="0" tests="3" name="testngsession.RegisterPage" time="2.626" errors="0" timestamp="28 Aug 2024 08:42:47 GMT" skipped="0">
  <testcase classname="testngsession.RegisterPage" name="checkpage" time="0.799"/>
  <testcase classname="testngsession.RegisterPage" name="checkpage" time="0.914"/>
  <testcase classname="testngsession.RegisterPage" name="checkpage" time="0.913"/>
</testsuite> <!-- testngsession.RegisterPage -->
