<?xml version="1.0" encoding="UTF-8"?>
<!-- Generated by org.testng.reporters.JUnitReportReporter -->
<testsuite hostname="DESKTOP-OJKIDG6" failures="0" tests="1" name="testngsession.ExpectedExpectionConcept" time="0.017" errors="0" timestamp="26 Aug 2024 07:01:41 GMT" skipped="0">
  <testcase classname="testngsession.ExpectedExpectionConcept" name="loginTest" time="0.017"/>
</testsuite> <!-- testngsession.ExpectedExpectionConcept -->
