<?xml version="1.0" encoding="UTF-8"?>
<!-- Generated by org.testng.reporters.JUnitReportReporter -->
<testsuite hostname="DESKTOP-OJKIDG6" failures="0" tests="4" name="testngsession.CRUDOperationTest" time="0.024" errors="0" timestamp="26 Aug 2024 08:00:51 GMT" skipped="0">
  <testcase classname="testngsession.CRUDOperationTest" name="deleteUserTest" time="0.003"/>
  <testcase classname="testngsession.CRUDOperationTest" name="updateUserTest" time="0.006"/>
  <testcase classname="testngsession.CRUDOperationTest" name="getUserTest" time="0.003"/>
  <testcase classname="testngsession.CRUDOperationTest" name="createUserTest" time="0.012"/>
</testsuite> <!-- testngsession.CRUDOperationTest -->
