<?xml version="1.0" encoding="UTF-8"?>
<!-- Generated by org.testng.reporters.JUnitReportReporter -->
<testsuite hostname="DESKTOP-OJKIDG6" failures="0" tests="10" name="testngsession.InvocationCount" time="0.069" errors="0" timestamp="26 Aug 2024 09:33:51 GMT" skipped="0">
  <testcase classname="testngsession.InvocationCount" name="createUserTest" time="0.006"/>
  <testcase classname="testngsession.InvocationCount" name="createUserTest" time="0.001"/>
  <testcase classname="testngsession.InvocationCount" name="createUserTest" time="0.013"/>
  <testcase classname="testngsession.InvocationCount" name="createUserTest" time="0.009"/>
  <testcase classname="testngsession.InvocationCount" name="createUserTest" time="0.002"/>
  <testcase classname="testngsession.InvocationCount" name="createUserTest" time="0.008"/>
  <testcase classname="testngsession.InvocationCount" name="createUserTest" time="0.018"/>
  <testcase classname="testngsession.InvocationCount" name="createUserTest" time="0.003"/>
  <testcase classname="testngsession.InvocationCount" name="createUserTest" time="0.007"/>
  <testcase classname="testngsession.InvocationCount" name="createUserTest" time="0.002"/>
</testsuite> <!-- testngsession.InvocationCount -->
